<?xml version="1.0" encoding="UTF-8"?>
<!-- Generated by org.testng.reporters.JUnitXMLReporter -->
<testsuite ignored="6" hostname="Saurabh" failures="0" tests="1" name="Default test" time="4.523" errors="0" timestamp="2023-09-11T14:42:17 IST">
  <testcase classname="test.LoginPageTest" name="loginWithValidStandardUserID" time="0.68"/>
  <testcase classname="test.LoginPageTest" name="loginWithValidLockedoutUserID" time="0.0">
    <ignored/>
  </testcase> <!-- loginWithValidLockedoutUserID -->
  <testcase classname="test.LoginPageTest" name="loginWithValidProblemUserID" time="0.0">
    <ignored/>
  </testcase> <!-- loginWithValidProblemUserID -->
  <testcase classname="test.LoginPageTest" name="loginWithInvalidPerformacnceGlitchUserID" time="0.0">
    <ignored/>
  </testcase> <!-- loginWithInvalidPerformacnceGlitchUserID -->
  <testcase classname="test.LoginPageTest" name="loginWithValidPerformacnceGlitchUserID" time="0.0">
    <ignored/>
  </testcase> <!-- loginWithValidPerformacnceGlitchUserID -->
  <testcase classname="test.LoginPageTest" name="loginWithInvalidProblemUserID" time="0.0">
    <ignored/>
  </testcase> <!-- loginWithInvalidProblemUserID -->
  <testcase classname="test.LoginPageTest" name="loginWithInvalidStandardUserID" time="0.0">
    <ignored/>
  </testcase> <!-- loginWithInvalidStandardUserID -->
</testsuite> <!-- Default test -->
