<?xml version="1.0" encoding="UTF-8"?>
<testng-results ignored="0" total="1" passed="1" failed="0" skipped="0">
  <reporter-output>
  </reporter-output>
  <suite started-at="2023-09-11T14:42:13 IST" name="Default suite" finished-at="2023-09-11T14:42:17 IST" duration-ms="4523">
    <groups>
    </groups>
    <test started-at="2023-09-11T14:42:13 IST" name="Default test" finished-at="2023-09-11T14:42:17 IST" duration-ms="4523">
      <class name="test.LoginPageTest">
        <test-method is-config="true" signature="openBrowser()[pri:0, instance:test.LoginPageTest@2af004b]" started-at="2023-09-11T14:42:13 IST" name="openBrowser" finished-at="2023-09-11T14:42:16 IST" duration-ms="3776" status="PASS">
          <reporter-output>
          </reporter-output>
        </test-method> <!-- openBrowser -->
        <test-method signature="loginWithValidStandardUserID()[pri:0, instance:test.LoginPageTest@2af004b]" started-at="2023-09-11T14:42:16 IST" name="loginWithValidStandardUserID" finished-at="2023-09-11T14:42:17 IST" duration-ms="680" status="PASS">
          <reporter-output>
          </reporter-output>
        </test-method> <!-- loginWithValidStandardUserID -->
      </class> <!-- test.LoginPageTest -->
    </test> <!-- Default test -->
  </suite> <!-- Default suite -->
</testng-results>
